2018-08-24 16:59:57.273602 [ERROR] [AbstractCommand.cc:378] CUID#81 - Download aborted. URI=http://dlied5.myapp.com/myapp/100692648/pao/2017_com.tencent.pao_h100_1.0.58.0_a9ed42.apk
Exception: [AbstractCommand.cc:340] errorCode=2 Timeout.
2018-08-24 17:00:00.245908 [ERROR] [AbstractCommand.cc:378] CUID#78 - Download aborted. URI=http://dlied5.myapp.com/myapp/100692648/pao/2017_com.tencent.pao_h100_1.0.58.0_a9ed42.apk
Exception: [SocketCore.cc:874] errorCode=1 Failed to receive data, cause: An existing connection was forcibly closed by the remote host.

2018-08-24 17:00:00.308038 [ERROR] [AbstractCommand.cc:378] CUID#79 - Download aborted. URI=http://dlied5.myapp.com/myapp/100692648/pao/2017_com.tencent.pao_h100_1.0.58.0_a9ed42.apk
Exception: [SocketCore.cc:874] errorCode=1 Failed to receive data, cause: An existing connection was forcibly closed by the remote host.

2018-08-24 17:05:00.247047 [ERROR] [AbstractCommand.cc:378] CUID#80 - Download aborted. URI=http://dlied5.myapp.com/myapp/100692648/pao/2017_com.tencent.pao_h100_1.0.58.0_a9ed42.apk
Exception: [SocketCore.cc:874] errorCode=1 Failed to receive data, cause: An existing connection was forcibly closed by the remote host.

2018-08-24 17:10:00.233179 [ERROR] [AbstractCommand.cc:378] CUID#82 - Download aborted. URI=http://dlied5.myapp.com/myapp/100692648/pao/2017_com.tencent.pao_h100_1.0.58.0_a9ed42.apk
Exception: [SocketCore.cc:874] errorCode=1 Failed to receive data, cause: An existing connection was forcibly closed by the remote host.

2018-08-25 17:22:47.656570 [ERROR] [AbstractCommand.cc:351] CUID#25 - Download aborted. URI=http://a3.res.meizu.com/source/4060/70b297b237ba4a69b550c7fb9ba4598e?auth_key=1535231989-0-0-8a4da01f641130548a74f5a2b85f1d46&fname=com.Qunar_170
Exception: [AbstractCommand.cc:351] errorCode=22 URI=http://a3.res.meizu.com/source/4060/70b297b237ba4a69b550c7fb9ba4598e?auth_key=1535231989-0-0-8a4da01f641130548a74f5a2b85f1d46&fname=com.Qunar_170
  -> [HttpSkipResponseCommand.cc:240] errorCode=22 The response status is not successful. status=403
2018-08-25 17:23:04.768089 [ERROR] [AbstractCommand.cc:351] CUID#27 - Download aborted. URI=http://a3.res.meizu.com/source/4060/70b297b237ba4a69b550c7fb9ba4598e?auth_key=1535231989-0-0-8a4da01f641130548a74f5a2b85f1d46&fname=com.Qunar_170
Exception: [AbstractCommand.cc:351] errorCode=22 URI=http://a3.res.meizu.com/source/4060/70b297b237ba4a69b550c7fb9ba4598e?auth_key=1535231989-0-0-8a4da01f641130548a74f5a2b85f1d46&fname=com.Qunar_170
  -> [HttpSkipResponseCommand.cc:240] errorCode=22 The response status is not successful. status=403
2018-08-29 10:06:07.643635 [ERROR] [MultiUrlRequestInfo.cc:297] Exception caught
Exception: [MultiUrlRequestInfo.cc:188] errorCode=1 Specify --rpc-certificate and --rpc-private-key options in order to use secure RPC.
2018-08-29 10:06:31.092863 [ERROR] [MultiUrlRequestInfo.cc:297] Exception caught
Exception: [MultiUrlRequestInfo.cc:188] errorCode=1 Specify --rpc-certificate and --rpc-private-key options in order to use secure RPC.
2018-08-29 10:07:00.930738 [ERROR] [MultiUrlRequestInfo.cc:297] Exception caught
Exception: [MultiUrlRequestInfo.cc:188] errorCode=1 Specify --rpc-certificate and --rpc-private-key options in order to use secure RPC.
2018-09-10 16:51:36.645283 [ERROR] [AbstractCommand.cc:351] CUID#27 - Download aborted. URI=https://storage-cnn.labcollab.net:9418/artifactory/Mustang/kbits_build_files/mustang_fireos_main_nougat/Nightly/1056/userdebug/release-mustang-NMAIN1_userdebug_1056.tgz
Exception: [AbstractCommand.cc:351] errorCode=24 URI=https://storage-cnn.labcollab.net:9418/artifactory/Mustang/kbits_build_files/mustang_fireos_main_nougat/Nightly/1056/userdebug/release-mustang-NMAIN1_userdebug_1056.tgz
  -> [HttpSkipResponseCommand.cc:215] errorCode=24 Authorization failed.
2018-09-10 16:51:55.182417 [ERROR] [AbstractCommand.cc:351] CUID#28 - Download aborted. URI=https://storage-cnn.labcollab.net:9418/artifactory/Mustang/kbits_build_files/mustang_fireos_main_nougat/Nightly/1056/userdebug/release-mustang-NMAIN1_userdebug_1056.tgz
Exception: [AbstractCommand.cc:351] errorCode=24 URI=https://storage-cnn.labcollab.net:9418/artifactory/Mustang/kbits_build_files/mustang_fireos_main_nougat/Nightly/1056/userdebug/release-mustang-NMAIN1_userdebug_1056.tgz
  -> [HttpSkipResponseCommand.cc:215] errorCode=24 Authorization failed.
2018-09-25 09:07:08.778090 [ERROR] [AbstractCommand.cc:378] CUID#28 - Download aborted. URI=http://www.proxmox.com:6969/announce?info_hash=Ud%8E%FA%15d%0E%5B%B5%926%26%F5j%90%9C%D6%A2%C1%5B&peer_id=-TR2770-D%F9F6%1A%E6%06d%BBr%E68&uploaded=0&downloaded=0&left=641517568&compact=1&key=%1A%E6%06d%BBr%E68&numwant=50&no_peer_id=1&port=6903&event=started&supportcrypto=1
Exception: [SocketCore.cc:874] errorCode=1 Failed to receive data, cause: An established connection was aborted by the software in your host machine.

2018-09-25 09:12:15.312031 [ERROR] [AbstractCommand.cc:378] CUID#45 - Download aborted. URI=http://www.proxmox.com:6969/announce?info_hash=Ud%8E%FA%15d%0E%5B%B5%926%26%F5j%90%9C%D6%A2%C1%5B&peer_id=-TR2770-D%F9F6%1A%E6%06d%BBr%E68&uploaded=0&downloaded=0&left=641517568&compact=1&key=%1A%E6%06d%BBr%E68&numwant=50&no_peer_id=1&port=6903&event=started&supportcrypto=1
Exception: [SocketCore.cc:874] errorCode=1 Failed to receive data, cause: An established connection was aborted by the software in your host machine.

2018-09-25 09:12:55.589347 [ERROR] [AbstractCommand.cc:351] CUID#50 - Download aborted. URI=https://www.proxmox.com/en/downloads?task=callelement&format=raw&item_id=402&element=f85c494b-2b32-4109-b8c1-083cca2b7db6&method=download&args[0]=bb59abbdd8aff9d3f8590920e8b54494
Exception: [AbstractCommand.cc:351] errorCode=8 URI=https://www.proxmox.com/en/downloads?task=callelement&format=raw&item_id=402&element=f85c494b-2b32-4109-b8c1-083cca2b7db6&method=download&args[0]=bb59abbdd8aff9d3f8590920e8b54494
  -> [HttpResponse.cc:86] errorCode=8 Invalid range header. Request: 320864256-481296383/641517568, Response: 0-641517567/641517568
2018-09-25 09:12:55.604826 [ERROR] [AbstractCommand.cc:351] CUID#51 - Download aborted. URI=https://www.proxmox.com/en/downloads?task=callelement&format=raw&item_id=402&element=f85c494b-2b32-4109-b8c1-083cca2b7db6&method=download&args[0]=bb59abbdd8aff9d3f8590920e8b54494
Exception: [AbstractCommand.cc:351] errorCode=8 URI=https://www.proxmox.com/en/downloads?task=callelement&format=raw&item_id=402&element=f85c494b-2b32-4109-b8c1-083cca2b7db6&method=download&args[0]=bb59abbdd8aff9d3f8590920e8b54494
  -> [HttpResponse.cc:86] errorCode=8 Invalid range header. Request: 160432128-320864255/641517568, Response: 0-641517567/641517568
2018-09-25 09:12:55.957528 [ERROR] [AbstractCommand.cc:351] CUID#52 - Download aborted. URI=https://www.proxmox.com/en/downloads?task=callelement&format=raw&item_id=402&element=f85c494b-2b32-4109-b8c1-083cca2b7db6&method=download&args[0]=bb59abbdd8aff9d3f8590920e8b54494
Exception: [AbstractCommand.cc:351] errorCode=8 URI=https://www.proxmox.com/en/downloads?task=callelement&format=raw&item_id=402&element=f85c494b-2b32-4109-b8c1-083cca2b7db6&method=download&args[0]=bb59abbdd8aff9d3f8590920e8b54494
  -> [HttpResponse.cc:86] errorCode=8 Invalid range header. Request: 481296384-641517567/641517568, Response: 0-641517567/641517568
2018-09-25 09:12:56.020305 [ERROR] [AbstractCommand.cc:351] CUID#53 - Download aborted. URI=https://www.proxmox.com/en/downloads?task=callelement&format=raw&item_id=402&element=f85c494b-2b32-4109-b8c1-083cca2b7db6&method=download&args[0]=bb59abbdd8aff9d3f8590920e8b54494
Exception: [AbstractCommand.cc:351] errorCode=8 URI=https://www.proxmox.com/en/downloads?task=callelement&format=raw&item_id=402&element=f85c494b-2b32-4109-b8c1-083cca2b7db6&method=download&args[0]=bb59abbdd8aff9d3f8590920e8b54494
  -> [HttpResponse.cc:86] errorCode=8 Invalid range header. Request: 80740352-160432127/641517568, Response: 0-641517567/641517568
2018-09-25 09:14:42.462396 [ERROR] [AbstractCommand.cc:351] CUID#118 - Download aborted. URI=https://d.pcs.baidu.com/file/ece02199fec7943f0deb25173e3f97f8?fid=2955939028-250528-348851542415375&rt=pr&sign=FDtAER-DCb740ccc5511e5e8fedcff06b081203-4ma05yiaGFaV5kgccNNdxl8e8XQ%3D&expires=8h&chkv=0&chkbd=0&chkpc=&dp-logid=6201413855080775736&dp-callid=0&dstime=1537838067&r=725069043
Exception: [AbstractCommand.cc:351] errorCode=22 URI=https://d.pcs.baidu.com/file/ece02199fec7943f0deb25173e3f97f8?fid=2955939028-250528-348851542415375&rt=pr&sign=FDtAER-DCb740ccc5511e5e8fedcff06b081203-4ma05yiaGFaV5kgccNNdxl8e8XQ%3D&expires=8h&chkv=0&chkbd=0&chkpc=&dp-logid=6201413855080775736&dp-callid=0&dstime=1537838067&r=725069043
  -> [HttpSkipResponseCommand.cc:240] errorCode=22 The response status is not successful. status=403
2018-09-25 09:15:02.837194 [ERROR] [AbstractCommand.cc:351] CUID#119 - Download aborted. URI=https://www.baidupcs.com/rest/2.0/pcs/file?method=batchdownload&app_id=250528&zipcontent=%7B%22fs_id%22%3A%5B348851542415375%5D%7D&sign=DCb740ccc5511e5e8fedcff06b081203:oRfN%2BJYmlytKMLHKfFH6eqyT1lo%3D&uid=2955939028&time=1537924494&dp-logid=6201421306951313701&dp-callid=0&vuk=2955939028&zipname=%E3%80%90%E6%96%87%E4%BB%B6%E3%80%91proxmox-ve_5.2-1.iso.zip
Exception: [AbstractCommand.cc:351] errorCode=22 URI=https://www.baidupcs.com/rest/2.0/pcs/file?method=batchdownload&app_id=250528&zipcontent=%7B%22fs_id%22%3A%5B348851542415375%5D%7D&sign=DCb740ccc5511e5e8fedcff06b081203:oRfN%2BJYmlytKMLHKfFH6eqyT1lo%3D&uid=2955939028&time=1537924494&dp-logid=6201421306951313701&dp-callid=0&vuk=2955939028&zipname=%E3%80%90%E6%96%87%E4%BB%B6%E3%80%91proxmox-ve_5.2-1.iso.zip
  -> [HttpSkipResponseCommand.cc:240] errorCode=22 The response status is not successful. status=400
2018-09-25 09:15:21.975366 [ERROR] [AbstractCommand.cc:351] CUID#120 - Download aborted. URI=https://d11.baidupcs.com/file/ece02199fec7943f0deb25173e3f97f8?bkt=p3-0000a60e2436759fdc50a0e26802ad62f160&xcode=b75d3f113e0bae5f6be3da9d7dc369955642152b25845daf5ac9eb925b0240771bf5462cc8c1761346a81e6a26e626d9e801268afdb15995&fid=2955939028-250528-348851542415375&time=1537838113&sign=FDTAXGERLQBHSKa-DCb740ccc5511e5e8fedcff06b081203-v8Q6x%2BcK%2Br%2B0uY15BBIMn2TTlVY%3D&to=d11&size=641517568&sta_dx=641517568&sta_cs=132&sta_ft=iso&sta_ct=0&sta_mt=0&fm2=MH%2CYangquan%2CAnywhere%2C%2Cguangdong%2Ccnc&resv0=cdnback&resv1=0&vuk=2955939028&iv=0&htype=&newver=1&newfm=1&secfm=1&flow_ver=3&pkey=0000a60e2436759fdc50a0e26802ad62f160&sl=76480590&expires=8h&rt=pr&r=205134710&mlogid=6201426229766734144&vbdid=719975837&fin=proxmox-ve_5.2-1.iso&fn=proxmox-ve_5.2-1.iso&rtype=1&dp-logid=6201426229766734144&dp-callid=0.1.1&hps=1&tsl=80&csl=80&csign=yFcqOK%2Faf%2Fa0pDC%2FYmPrNJ4aQwY%3D&so=0&ut=6&uter=4&serv=0&uc=470830241&ti=76168191086d6f296ba8dd9d0c5b5c14208168b7cec601b6&by=themis
Exception: [AbstractCommand.cc:351] errorCode=22 URI=http://www.baidupcs.com/403.html
  -> [HttpSkipResponseCommand.cc:240] errorCode=22 The response status is not successful. status=403
2018-09-25 09:16:53.979249 [ERROR] [AbstractCommand.cc:378] CUID#124 - Download aborted. URI=https://d.pcs.baidu.com/file/ece02199fec7943f0deb25173e3f97f8?fid=2955939028-250528-348851542415375&dstime=1537838186&rt=sh&sign=FDtAERVY-DCb740ccc5511e5e8fedcff06b081203-xJDgu0t9eslhGTolU1QcemAefY0%3D&expires=8h&chkv=1&chkbd=0&chkpc=et&dp-logid=6201445950042621587&dp-callid=0&shareid=1074180059&r=198306170
Exception: [SocketCore.cc:874] errorCode=1 Failed to receive data, cause: An existing connection was forcibly closed by the remote host.

2018-09-25 09:43:47.408249 [ERROR] [AbstractCommand.cc:378] CUID#121 - Download aborted. URI=https://d.pcs.baidu.com/file/ece02199fec7943f0deb25173e3f97f8?fid=2955939028-250528-348851542415375&dstime=1537838186&rt=sh&sign=FDtAERVY-DCb740ccc5511e5e8fedcff06b081203-xJDgu0t9eslhGTolU1QcemAefY0%3D&expires=8h&chkv=1&chkbd=0&chkpc=et&dp-logid=6201445950042621587&dp-callid=0&shareid=1074180059&r=198306170
Exception: [SocketCore.cc:874] errorCode=1 Failed to receive data, cause: An existing connection was forcibly closed by the remote host.

2018-09-25 09:44:48.552732 [ERROR] [AbstractCommand.cc:378] CUID#125 - Download aborted. URI=https://d.pcs.baidu.com/file/ece02199fec7943f0deb25173e3f97f8?fid=2955939028-250528-348851542415375&dstime=1537838186&rt=sh&sign=FDtAERVY-DCb740ccc5511e5e8fedcff06b081203-xJDgu0t9eslhGTolU1QcemAefY0%3D&expires=8h&chkv=1&chkbd=0&chkpc=et&dp-logid=6201445950042621587&dp-callid=0&shareid=1074180059&r=198306170
Exception: [SocketCore.cc:874] errorCode=1 Failed to receive data, cause: An existing connection was forcibly closed by the remote host.

2018-09-25 09:46:26.092085 [ERROR] [AbstractCommand.cc:378] CUID#123 - Download aborted. URI=https://d.pcs.baidu.com/file/ece02199fec7943f0deb25173e3f97f8?fid=2955939028-250528-348851542415375&dstime=1537838186&rt=sh&sign=FDtAERVY-DCb740ccc5511e5e8fedcff06b081203-xJDgu0t9eslhGTolU1QcemAefY0%3D&expires=8h&chkv=1&chkbd=0&chkpc=et&dp-logid=6201445950042621587&dp-callid=0&shareid=1074180059&r=198306170
Exception: [SocketCore.cc:874] errorCode=1 Failed to receive data, cause: An existing connection was forcibly closed by the remote host.

2018-09-25 09:57:37.625027 [ERROR] [AbstractCommand.cc:378] CUID#122 - Download aborted. URI=https://d.pcs.baidu.com/file/ece02199fec7943f0deb25173e3f97f8?fid=2955939028-250528-348851542415375&dstime=1537838186&rt=sh&sign=FDtAERVY-DCb740ccc5511e5e8fedcff06b081203-xJDgu0t9eslhGTolU1QcemAefY0%3D&expires=8h&chkv=1&chkbd=0&chkpc=et&dp-logid=6201445950042621587&dp-callid=0&shareid=1074180059&r=198306170
Exception: [SocketCore.cc:874] errorCode=1 Failed to receive data, cause: An existing connection was forcibly closed by the remote host.

2018-09-25 10:00:26.575712 [ERROR] [AbstractCommand.cc:378] CUID#197 - Download aborted. URI=https://d.pcs.baidu.com/file/ece02199fec7943f0deb25173e3f97f8?fid=2955939028-250528-348851542415375&dstime=1537838186&rt=sh&sign=FDtAERVY-DCb740ccc5511e5e8fedcff06b081203-xJDgu0t9eslhGTolU1QcemAefY0%3D&expires=8h&chkv=1&chkbd=0&chkpc=et&dp-logid=6201445950042621587&dp-callid=0&shareid=1074180059&r=198306170
Exception: [SocketCore.cc:874] errorCode=1 Failed to receive data, cause: An existing connection was forcibly closed by the remote host.

2018-09-25 10:00:27.116505 [ERROR] [AbstractCommand.cc:378] CUID#201 - Download aborted. URI=https://d.pcs.baidu.com/file/ece02199fec7943f0deb25173e3f97f8?fid=2955939028-250528-348851542415375&dstime=1537838186&rt=sh&sign=FDtAERVY-DCb740ccc5511e5e8fedcff06b081203-xJDgu0t9eslhGTolU1QcemAefY0%3D&expires=8h&chkv=1&chkbd=0&chkpc=et&dp-logid=6201445950042621587&dp-callid=0&shareid=1074180059&r=198306170
Exception: [SocketCore.cc:874] errorCode=1 Failed to receive data, cause: An existing connection was forcibly closed by the remote host.

2018-09-25 10:00:27.193766 [ERROR] [AbstractCommand.cc:378] CUID#198 - Download aborted. URI=https://d.pcs.baidu.com/file/ece02199fec7943f0deb25173e3f97f8?fid=2955939028-250528-348851542415375&dstime=1537838186&rt=sh&sign=FDtAERVY-DCb740ccc5511e5e8fedcff06b081203-xJDgu0t9eslhGTolU1QcemAefY0%3D&expires=8h&chkv=1&chkbd=0&chkpc=et&dp-logid=6201445950042621587&dp-callid=0&shareid=1074180059&r=198306170
Exception: [SocketCore.cc:874] errorCode=1 Failed to receive data, cause: An existing connection was forcibly closed by the remote host.

2018-09-25 10:00:27.301922 [ERROR] [AbstractCommand.cc:378] CUID#200 - Download aborted. URI=https://d.pcs.baidu.com/file/ece02199fec7943f0deb25173e3f97f8?fid=2955939028-250528-348851542415375&dstime=1537838186&rt=sh&sign=FDtAERVY-DCb740ccc5511e5e8fedcff06b081203-xJDgu0t9eslhGTolU1QcemAefY0%3D&expires=8h&chkv=1&chkbd=0&chkpc=et&dp-logid=6201445950042621587&dp-callid=0&shareid=1074180059&r=198306170
Exception: [SocketCore.cc:874] errorCode=1 Failed to receive data, cause: An existing connection was forcibly closed by the remote host.

2018-09-25 10:00:27.635041 [ERROR] [AbstractCommand.cc:378] CUID#199 - Download aborted. URI=https://d.pcs.baidu.com/file/ece02199fec7943f0deb25173e3f97f8?fid=2955939028-250528-348851542415375&dstime=1537838186&rt=sh&sign=FDtAERVY-DCb740ccc5511e5e8fedcff06b081203-xJDgu0t9eslhGTolU1QcemAefY0%3D&expires=8h&chkv=1&chkbd=0&chkpc=et&dp-logid=6201445950042621587&dp-callid=0&shareid=1074180059&r=198306170
Exception: [SocketCore.cc:874] errorCode=1 Failed to receive data, cause: An existing connection was forcibly closed by the remote host.

2018-09-25 10:01:06.939058 [ERROR] [AbstractCommand.cc:378] CUID#273 - Download aborted. URI=https://d.pcs.baidu.com/file/ece02199fec7943f0deb25173e3f97f8?fid=2955939028-250528-348851542415375&dstime=1537838186&rt=sh&sign=FDtAERVY-DCb740ccc5511e5e8fedcff06b081203-xJDgu0t9eslhGTolU1QcemAefY0%3D&expires=8h&chkv=1&chkbd=0&chkpc=et&dp-logid=6201445950042621587&dp-callid=0&shareid=1074180059&r=198306170
Exception: [SocketCore.cc:874] errorCode=1 Failed to receive data, cause: An existing connection was forcibly closed by the remote host.

2018-09-25 10:01:07.217462 [ERROR] [AbstractCommand.cc:378] CUID#274 - Download aborted. URI=https://d.pcs.baidu.com/file/ece02199fec7943f0deb25173e3f97f8?fid=2955939028-250528-348851542415375&dstime=1537838186&rt=sh&sign=FDtAERVY-DCb740ccc5511e5e8fedcff06b081203-xJDgu0t9eslhGTolU1QcemAefY0%3D&expires=8h&chkv=1&chkbd=0&chkpc=et&dp-logid=6201445950042621587&dp-callid=0&shareid=1074180059&r=198306170
Exception: [SocketCore.cc:874] errorCode=1 Failed to receive data, cause: An existing connection was forcibly closed by the remote host.

2018-09-25 10:01:07.885126 [ERROR] [AbstractCommand.cc:378] CUID#277 - Download aborted. URI=https://d.pcs.baidu.com/file/ece02199fec7943f0deb25173e3f97f8?fid=2955939028-250528-348851542415375&dstime=1537838186&rt=sh&sign=FDtAERVY-DCb740ccc5511e5e8fedcff06b081203-xJDgu0t9eslhGTolU1QcemAefY0%3D&expires=8h&chkv=1&chkbd=0&chkpc=et&dp-logid=6201445950042621587&dp-callid=0&shareid=1074180059&r=198306170
Exception: [SocketCore.cc:874] errorCode=1 Failed to receive data, cause: An existing connection was forcibly closed by the remote host.

2018-09-25 10:01:08.185617 [ERROR] [AbstractCommand.cc:378] CUID#276 - Download aborted. URI=https://d.pcs.baidu.com/file/ece02199fec7943f0deb25173e3f97f8?fid=2955939028-250528-348851542415375&dstime=1537838186&rt=sh&sign=FDtAERVY-DCb740ccc5511e5e8fedcff06b081203-xJDgu0t9eslhGTolU1QcemAefY0%3D&expires=8h&chkv=1&chkbd=0&chkpc=et&dp-logid=6201445950042621587&dp-callid=0&shareid=1074180059&r=198306170
Exception: [SocketCore.cc:874] errorCode=1 Failed to receive data, cause: An existing connection was forcibly closed by the remote host.

2018-09-25 10:05:51.570888 [ERROR] [AbstractCommand.cc:351] CUID#347 - Download aborted. URI=https://d11.baidupcs.com/file/ece02199fec7943f0deb25173e3f97f8?bkt=p3-0000a60e2436759fdc50a0e26802ad62f160&xcode=7a3c1b9d5502430ba2e9efb5fe31fa475642152b25845daf142f8ca3222f2195c07e90808d3da84d46a81e6a26e626d9e801268afdb15995&fid=2955939028-250528-348851542415375&time=1537840888&sign=FDTAXGERLQBHSKa-DCb740ccc5511e5e8fedcff06b081203-RlN3M%2B80wkpLzeBDGcUbG65%2BqkA%3D&to=d11&size=641517568&sta_dx=641517568&sta_cs=137&sta_ft=iso&sta_ct=0&sta_mt=0&fm2=MH%2CYangquan%2CAnywhere%2C%2Cguangdong%2Ccnc&resv0=cdnback&resv1=0&vuk=2955939028&iv=0&htype=&newver=1&newfm=1&secfm=1&flow_ver=3&pkey=0000a60e2436759fdc50a0e26802ad62f160&sl=76480590&expires=8h&rt=pr&r=309834936&mlogid=6202170112208838628&vbdid=719975837&fin=proxmox-ve_5.2-1.iso&fn=proxmox-ve_5.2-1.iso&rtype=1&dp-logid=6202170112208838628&dp-callid=0.1.1&hps=1&tsl=80&csl=80&csign=yFcqOK%2Faf%2Fa0pDC%2FYmPrNJ4aQwY%3D&so=0&ut=6&uter=4&serv=0&uc=470830241&ti=54c943154d8629032f60699c8433d00880d2071a51dd098d&by=themis
Exception: [AbstractCommand.cc:351] errorCode=22 URI=http://www.baidupcs.com/403.html
  -> [HttpSkipResponseCommand.cc:240] errorCode=22 The response status is not successful. status=403
2018-09-25 10:06:39.795508 [ERROR] [AbstractCommand.cc:351] CUID#348 - Download aborted. URI=https://www.baidupcs.com/rest/2.0/pcs/file?method=batchdownload&app_id=250528&zipcontent=%7B%22fs_id%22%3A%5B%22348851542415375%22%5D%7D&sign=DCb740ccc5511e5e8fedcff06b081203:Raebz7IIpf2FqumIZs63N9btrBU%3D&uid=2955939028&time=1537927592&dp-logid=6202252730088435682&dp-callid=0&shareid=3871042793&vuk=2955939028&from_uk=2955939028&zipname=%E3%80%90%E6%96%87%E4%BB%B6%E3%80%91proxmox-ve_5.2-1.iso.zip
Exception: [AbstractCommand.cc:351] errorCode=22 URI=https://www.baidupcs.com/rest/2.0/pcs/file?method=batchdownload&app_id=250528&zipcontent=%7B%22fs_id%22%3A%5B%22348851542415375%22%5D%7D&sign=DCb740ccc5511e5e8fedcff06b081203:Raebz7IIpf2FqumIZs63N9btrBU%3D&uid=2955939028&time=1537927592&dp-logid=6202252730088435682&dp-callid=0&shareid=3871042793&vuk=2955939028&from_uk=2955939028&zipname=%E3%80%90%E6%96%87%E4%BB%B6%E3%80%91proxmox-ve_5.2-1.iso.zip
  -> [HttpSkipResponseCommand.cc:240] errorCode=22 The response status is not successful. status=400
2018-09-25 10:06:55.984113 [ERROR] [AbstractCommand.cc:378] CUID#350 - Download aborted. URI=https://d.pcs.baidu.com/file/ece02199fec7943f0deb25173e3f97f8?fid=2955939028-250528-348851542415375&dstime=1537841207&rt=sh&sign=FDtAERVY-DCb740ccc5511e5e8fedcff06b081203-8DEGKj%2FM1fYd94nIhxH6z6PQC3Y%3D&expires=8h&chkv=1&chkbd=0&chkpc=et&dp-logid=6202256819475206994&dp-callid=0&shareid=3871042793&r=558033082
Exception: [SocketCore.cc:874] errorCode=1 Failed to receive data, cause: An existing connection was forcibly closed by the remote host.

2018-09-25 10:06:56.099713 [ERROR] [AbstractCommand.cc:378] CUID#351 - Download aborted. URI=https://d.pcs.baidu.com/file/ece02199fec7943f0deb25173e3f97f8?fid=2955939028-250528-348851542415375&dstime=1537841207&rt=sh&sign=FDtAERVY-DCb740ccc5511e5e8fedcff06b081203-8DEGKj%2FM1fYd94nIhxH6z6PQC3Y%3D&expires=8h&chkv=1&chkbd=0&chkpc=et&dp-logid=6202256819475206994&dp-callid=0&shareid=3871042793&r=558033082
Exception: [SocketCore.cc:874] errorCode=1 Failed to receive data, cause: An existing connection was forcibly closed by the remote host.

2018-09-25 10:06:56.853694 [ERROR] [AbstractCommand.cc:378] CUID#354 - Download aborted. URI=https://d.pcs.baidu.com/file/ece02199fec7943f0deb25173e3f97f8?fid=2955939028-250528-348851542415375&dstime=1537841207&rt=sh&sign=FDtAERVY-DCb740ccc5511e5e8fedcff06b081203-8DEGKj%2FM1fYd94nIhxH6z6PQC3Y%3D&expires=8h&chkv=1&chkbd=0&chkpc=et&dp-logid=6202256819475206994&dp-callid=0&shareid=3871042793&r=558033082
Exception: [SocketCore.cc:874] errorCode=1 Failed to receive data, cause: An existing connection was forcibly closed by the remote host.

2018-09-25 10:06:56.855687 [ERROR] [AbstractCommand.cc:378] CUID#352 - Download aborted. URI=https://d.pcs.baidu.com/file/ece02199fec7943f0deb25173e3f97f8?fid=2955939028-250528-348851542415375&dstime=1537841207&rt=sh&sign=FDtAERVY-DCb740ccc5511e5e8fedcff06b081203-8DEGKj%2FM1fYd94nIhxH6z6PQC3Y%3D&expires=8h&chkv=1&chkbd=0&chkpc=et&dp-logid=6202256819475206994&dp-callid=0&shareid=3871042793&r=558033082
Exception: [SocketCore.cc:874] errorCode=1 Failed to receive data, cause: An existing connection was forcibly closed by the remote host.

2018-09-25 10:06:57.079061 [ERROR] [AbstractCommand.cc:378] CUID#353 - Download aborted. URI=https://d.pcs.baidu.com/file/ece02199fec7943f0deb25173e3f97f8?fid=2955939028-250528-348851542415375&dstime=1537841207&rt=sh&sign=FDtAERVY-DCb740ccc5511e5e8fedcff06b081203-8DEGKj%2FM1fYd94nIhxH6z6PQC3Y%3D&expires=8h&chkv=1&chkbd=0&chkpc=et&dp-logid=6202256819475206994&dp-callid=0&shareid=3871042793&r=558033082
Exception: [SocketCore.cc:874] errorCode=1 Failed to receive data, cause: An existing connection was forcibly closed by the remote host.

2018-11-30 10:25:39.915003 [ERROR] [AbstractCommand.cc:351] CUID#12 - Download aborted. URI=https://d11.baidupcs.com/file/ece02199fec7943f0deb25173e3f97f8?bkt=p3-0000a60e2436759fdc50a0e26802ad62f160&xcode=b75d3f113e0bae5f6be3da9d7dc369955642152b25845daf5ac9eb925b0240771bf5462cc8c1761346a81e6a26e626d9e801268afdb15995&fid=2955939028-250528-348851542415375&time=1537838113&sign=FDTAXGERLQBHSKa-DCb740ccc5511e5e8fedcff06b081203-v8Q6x%2BcK%2Br%2B0uY15BBIMn2TTlVY%3D&to=d11&size=641517568&sta_dx=641517568&sta_cs=132&sta_ft=iso&sta_ct=0&sta_mt=0&fm2=MH%2CYangquan%2CAnywhere%2C%2Cguangdong%2Ccnc&resv0=cdnback&resv1=0&vuk=2955939028&iv=0&htype=&newver=1&newfm=1&secfm=1&flow_ver=3&pkey=0000a60e2436759fdc50a0e26802ad62f160&sl=76480590&expires=8h&rt=pr&r=205134710&mlogid=6201426229766734144&vbdid=719975837&fin=proxmox-ve_5.2-1.iso&fn=proxmox-ve_5.2-1.iso&rtype=1&dp-logid=6201426229766734144&dp-callid=0.1.1&hps=1&tsl=80&csl=80&csign=yFcqOK%2Faf%2Fa0pDC%2FYmPrNJ4aQwY%3D&so=0&ut=6&uter=4&serv=0&uc=470830241&ti=76168191086d6f296ba8dd9d0c5b5c14208168b7cec601b6&by=themis
Exception: [AbstractCommand.cc:351] errorCode=24 URI=http://www.baidupcs.com/401.html
  -> [HttpSkipResponseCommand.cc:215] errorCode=24 Authorization failed.
2018-11-30 10:25:39.915003 [ERROR] [AbstractCommand.cc:351] CUID#10 - Download aborted. URI=https://d.pcs.baidu.com/file/ece02199fec7943f0deb25173e3f97f8?fid=2955939028-250528-348851542415375&rt=pr&sign=FDtAER-DCb740ccc5511e5e8fedcff06b081203-4ma05yiaGFaV5kgccNNdxl8e8XQ%3D&expires=8h&chkv=0&chkbd=0&chkpc=&dp-logid=6201413855080775736&dp-callid=0&dstime=1537838067&r=725069043
Exception: [AbstractCommand.cc:351] errorCode=22 URI=https://d.pcs.baidu.com/file/ece02199fec7943f0deb25173e3f97f8?fid=2955939028-250528-348851542415375&rt=pr&sign=FDtAER-DCb740ccc5511e5e8fedcff06b081203-4ma05yiaGFaV5kgccNNdxl8e8XQ%3D&expires=8h&chkv=0&chkbd=0&chkpc=&dp-logid=6201413855080775736&dp-callid=0&dstime=1537838067&r=725069043
  -> [HttpSkipResponseCommand.cc:240] errorCode=22 The response status is not successful. status=403
2018-11-30 10:25:39.977949 [ERROR] [AbstractCommand.cc:351] CUID#16 - Download aborted. URI=https://d11.baidupcs.com/file/ece02199fec7943f0deb25173e3f97f8?bkt=p3-0000a60e2436759fdc50a0e26802ad62f160&xcode=7a3c1b9d5502430ba2e9efb5fe31fa475642152b25845daf142f8ca3222f2195c07e90808d3da84d46a81e6a26e626d9e801268afdb15995&fid=2955939028-250528-348851542415375&time=1537840888&sign=FDTAXGERLQBHSKa-DCb740ccc5511e5e8fedcff06b081203-RlN3M%2B80wkpLzeBDGcUbG65%2BqkA%3D&to=d11&size=641517568&sta_dx=641517568&sta_cs=137&sta_ft=iso&sta_ct=0&sta_mt=0&fm2=MH%2CYangquan%2CAnywhere%2C%2Cguangdong%2Ccnc&resv0=cdnback&resv1=0&vuk=2955939028&iv=0&htype=&newver=1&newfm=1&secfm=1&flow_ver=3&pkey=0000a60e2436759fdc50a0e26802ad62f160&sl=76480590&expires=8h&rt=pr&r=309834936&mlogid=6202170112208838628&vbdid=719975837&fin=proxmox-ve_5.2-1.iso&fn=proxmox-ve_5.2-1.iso&rtype=1&dp-logid=6202170112208838628&dp-callid=0.1.1&hps=1&tsl=80&csl=80&csign=yFcqOK%2Faf%2Fa0pDC%2FYmPrNJ4aQwY%3D&so=0&ut=6&uter=4&serv=0&uc=470830241&ti=54c943154d8629032f60699c8433d00880d2071a51dd098d&by=themis
Exception: [AbstractCommand.cc:351] errorCode=24 URI=http://www.baidupcs.com/401.html
  -> [HttpSkipResponseCommand.cc:215] errorCode=24 Authorization failed.
2018-11-30 10:25:39.998065 [ERROR] [AbstractCommand.cc:351] CUID#14 - Download aborted. URI=https://d.pcs.baidu.com/file/ece02199fec7943f0deb25173e3f97f8?fid=2955939028-250528-348851542415375&dstime=1537838186&rt=sh&sign=FDtAERVY-DCb740ccc5511e5e8fedcff06b081203-xJDgu0t9eslhGTolU1QcemAefY0%3D&expires=8h&chkv=1&chkbd=0&chkpc=et&dp-logid=6201445950042621587&dp-callid=0&shareid=1074180059&r=198306170
Exception: [AbstractCommand.cc:351] errorCode=22 URI=https://d.pcs.baidu.com/file/ece02199fec7943f0deb25173e3f97f8?fid=2955939028-250528-348851542415375&dstime=1537838186&rt=sh&sign=FDtAERVY-DCb740ccc5511e5e8fedcff06b081203-xJDgu0t9eslhGTolU1QcemAefY0%3D&expires=8h&chkv=1&chkbd=0&chkpc=et&dp-logid=6201445950042621587&dp-callid=0&shareid=1074180059&r=198306170
  -> [HttpSkipResponseCommand.cc:240] errorCode=22 The response status is not successful. status=403
2018-11-30 10:25:40.018054 [ERROR] [AbstractCommand.cc:351] CUID#13 - Download aborted. URI=https://d.pcs.baidu.com/file/ece02199fec7943f0deb25173e3f97f8?fid=2955939028-250528-348851542415375&dstime=1537838186&rt=sh&sign=FDtAERVY-DCb740ccc5511e5e8fedcff06b081203-xJDgu0t9eslhGTolU1QcemAefY0%3D&expires=8h&chkv=1&chkbd=0&chkpc=et&dp-logid=6201445950042621587&dp-callid=0&shareid=1074180059&r=198306170
Exception: [AbstractCommand.cc:351] errorCode=22 URI=https://d.pcs.baidu.com/file/ece02199fec7943f0deb25173e3f97f8?fid=2955939028-250528-348851542415375&dstime=1537838186&rt=sh&sign=FDtAERVY-DCb740ccc5511e5e8fedcff06b081203-xJDgu0t9eslhGTolU1QcemAefY0%3D&expires=8h&chkv=1&chkbd=0&chkpc=et&dp-logid=6201445950042621587&dp-callid=0&shareid=1074180059&r=198306170
  -> [HttpSkipResponseCommand.cc:240] errorCode=22 The response status is not successful. status=403
2018-11-30 10:25:40.039053 [ERROR] [AbstractCommand.cc:351] CUID#11 - Download aborted. URI=https://www.baidupcs.com/rest/2.0/pcs/file?method=batchdownload&app_id=250528&zipcontent=%7B%22fs_id%22%3A%5B348851542415375%5D%7D&sign=DCb740ccc5511e5e8fedcff06b081203:oRfN%2BJYmlytKMLHKfFH6eqyT1lo%3D&uid=2955939028&time=1537924494&dp-logid=6201421306951313701&dp-callid=0&vuk=2955939028&zipname=%E3%80%90%E6%96%87%E4%BB%B6%E3%80%91proxmox-ve_5.2-1.iso.zip
Exception: [AbstractCommand.cc:351] errorCode=22 URI=https://www.baidupcs.com/rest/2.0/pcs/file?method=batchdownload&app_id=250528&zipcontent=%7B%22fs_id%22%3A%5B348851542415375%5D%7D&sign=DCb740ccc5511e5e8fedcff06b081203:oRfN%2BJYmlytKMLHKfFH6eqyT1lo%3D&uid=2955939028&time=1537924494&dp-logid=6201421306951313701&dp-callid=0&vuk=2955939028&zipname=%E3%80%90%E6%96%87%E4%BB%B6%E3%80%91proxmox-ve_5.2-1.iso.zip
  -> [HttpSkipResponseCommand.cc:240] errorCode=22 The response status is not successful. status=403
2018-11-30 10:25:40.131087 [ERROR] [AbstractCommand.cc:351] CUID#18 - Download aborted. URI=https://d.pcs.baidu.com/file/ece02199fec7943f0deb25173e3f97f8?fid=2955939028-250528-348851542415375&dstime=1537841207&rt=sh&sign=FDtAERVY-DCb740ccc5511e5e8fedcff06b081203-8DEGKj%2FM1fYd94nIhxH6z6PQC3Y%3D&expires=8h&chkv=1&chkbd=0&chkpc=et&dp-logid=6202256819475206994&dp-callid=0&shareid=3871042793&r=558033082
Exception: [AbstractCommand.cc:351] errorCode=22 URI=https://d.pcs.baidu.com/file/ece02199fec7943f0deb25173e3f97f8?fid=2955939028-250528-348851542415375&dstime=1537841207&rt=sh&sign=FDtAERVY-DCb740ccc5511e5e8fedcff06b081203-8DEGKj%2FM1fYd94nIhxH6z6PQC3Y%3D&expires=8h&chkv=1&chkbd=0&chkpc=et&dp-logid=6202256819475206994&dp-callid=0&shareid=3871042793&r=558033082
  -> [HttpSkipResponseCommand.cc:240] errorCode=22 The response status is not successful. status=403
2018-11-30 10:25:40.146712 [ERROR] [AbstractCommand.cc:351] CUID#15 - Download aborted. URI=https://d.pcs.baidu.com/file/ece02199fec7943f0deb25173e3f97f8?fid=2955939028-250528-348851542415375&dstime=1537838186&rt=sh&sign=FDtAERVY-DCb740ccc5511e5e8fedcff06b081203-xJDgu0t9eslhGTolU1QcemAefY0%3D&expires=8h&chkv=1&chkbd=0&chkpc=et&dp-logid=6201445950042621587&dp-callid=0&shareid=1074180059&r=198306170
Exception: [AbstractCommand.cc:351] errorCode=22 URI=https://d.pcs.baidu.com/file/ece02199fec7943f0deb25173e3f97f8?fid=2955939028-250528-348851542415375&dstime=1537838186&rt=sh&sign=FDtAERVY-DCb740ccc5511e5e8fedcff06b081203-xJDgu0t9eslhGTolU1QcemAefY0%3D&expires=8h&chkv=1&chkbd=0&chkpc=et&dp-logid=6201445950042621587&dp-callid=0&shareid=1074180059&r=198306170
  -> [HttpSkipResponseCommand.cc:240] errorCode=22 The response status is not successful. status=403
2018-11-30 10:25:40.374230 [ERROR] [AbstractCommand.cc:351] CUID#17 - Download aborted. URI=https://www.baidupcs.com/rest/2.0/pcs/file?method=batchdownload&app_id=250528&zipcontent=%7B%22fs_id%22%3A%5B%22348851542415375%22%5D%7D&sign=DCb740ccc5511e5e8fedcff06b081203:Raebz7IIpf2FqumIZs63N9btrBU%3D&uid=2955939028&time=1537927592&dp-logid=6202252730088435682&dp-callid=0&shareid=3871042793&vuk=2955939028&from_uk=2955939028&zipname=%E3%80%90%E6%96%87%E4%BB%B6%E3%80%91proxmox-ve_5.2-1.iso.zip
Exception: [AbstractCommand.cc:351] errorCode=22 URI=https://www.baidupcs.com/rest/2.0/pcs/file?method=batchdownload&app_id=250528&zipcontent=%7B%22fs_id%22%3A%5B%22348851542415375%22%5D%7D&sign=DCb740ccc5511e5e8fedcff06b081203:Raebz7IIpf2FqumIZs63N9btrBU%3D&uid=2955939028&time=1537927592&dp-logid=6202252730088435682&dp-callid=0&shareid=3871042793&vuk=2955939028&from_uk=2955939028&zipname=%E3%80%90%E6%96%87%E4%BB%B6%E3%80%91proxmox-ve_5.2-1.iso.zip
  -> [HttpSkipResponseCommand.cc:240] errorCode=22 The response status is not successful. status=403
